2016-11-25 17:00:25  [ main:0 ] - [ DEBUG ]  ==>  Preparing: select id,name from student where id = ? 
2016-11-25 17:00:25  [ main:89 ] - [ DEBUG ]  ==> Parameters: 123(String)
2016-11-25 17:00:25  [ main:132 ] - [ DEBUG ]  <==      Total: 1
2016-11-25 17:01:06  [ main:0 ] - [ DEBUG ]  ==>  Preparing: select id,name from student where id = ? 
2016-11-25 17:01:06  [ main:78 ] - [ DEBUG ]  ==> Parameters: 123(String)
2016-11-25 17:01:06  [ main:106 ] - [ DEBUG ]  <==      Total: 1
2016-11-25 17:01:57  [ main:0 ] - [ DEBUG ]  ==>  Preparing: select id,name from student where id = ? 
2016-11-25 17:01:57  [ main:31 ] - [ DEBUG ]  ==> Parameters: 123(String)
2016-11-25 17:01:57  [ main:54 ] - [ TRACE ]  <==    Columns: id, name
2016-11-25 17:01:57  [ main:54 ] - [ TRACE ]  <==        Row: 123, jiafei
2016-11-25 17:01:57  [ main:55 ] - [ DEBUG ]  <==      Total: 1
2016-11-25 17:29:07  [ main:0 ] - [ DEBUG ]  ==>  Preparing: select id,name from student where id = ? 
2016-11-25 17:29:07  [ main:29 ] - [ DEBUG ]  ==> Parameters: 123(String)
2016-11-25 17:29:07  [ main:55 ] - [ TRACE ]  <==    Columns: id, name
2016-11-25 17:29:07  [ main:55 ] - [ TRACE ]  <==        Row: 123, jiafei
2016-11-25 17:29:07  [ main:57 ] - [ DEBUG ]  <==      Total: 1
2016-11-25 17:30:09  [ main:0 ] - [ DEBUG ]  ==>  Preparing: select id,name from student where id = ? 
2016-11-25 17:30:09  [ main:36 ] - [ DEBUG ]  ==> Parameters: 123(String)
2016-11-25 17:30:09  [ main:50 ] - [ TRACE ]  <==    Columns: id, name
2016-11-25 17:30:09  [ main:50 ] - [ TRACE ]  <==        Row: 123, jiafei
2016-11-25 17:31:18  [ main:0 ] - [ DEBUG ]  ==>  Preparing: select id,name from student where id = ? 
2016-11-25 17:31:18  [ main:48 ] - [ DEBUG ]  ==> Parameters: 123(String)
2016-11-25 17:31:18  [ main:61 ] - [ TRACE ]  <==    Columns: id, name
2016-11-25 17:31:18  [ main:61 ] - [ TRACE ]  <==        Row: 123, jiafei
2016-11-25 17:34:52  [ main:0 ] - [ DEBUG ]  ==>  Preparing: select id,name from student where id = ? 
2016-11-25 17:34:52  [ main:76 ] - [ DEBUG ]  ==> Parameters: 123(String)
2016-11-25 17:34:52  [ main:98 ] - [ TRACE ]  <==    Columns: id, name
2016-11-25 17:34:52  [ main:98 ] - [ TRACE ]  <==        Row: 123, jiafei
2016-11-25 17:36:55  [ main:0 ] - [ DEBUG ]  ==>  Preparing: select id,name from student where id = ? 
2016-11-25 17:36:55  [ main:56 ] - [ DEBUG ]  ==> Parameters: 123(String)
2016-11-25 17:36:55  [ main:67 ] - [ TRACE ]  <==    Columns: id, name
2016-11-25 17:36:55  [ main:67 ] - [ TRACE ]  <==        Row: 123, jiafei
2016-11-25 17:36:55  [ main:68 ] - [ DEBUG ]  <==      Total: 1
2016-11-25 17:38:36  [ main:0 ] - [ DEBUG ]  ==>  Preparing: select id,name from student where id = ? 
2016-11-25 17:38:36  [ main:138 ] - [ DEBUG ]  ==> Parameters: 123(String)
2016-11-25 17:38:36  [ main:148 ] - [ TRACE ]  <==    Columns: id, name
2016-11-25 17:38:36  [ main:148 ] - [ TRACE ]  <==        Row: 123, jiafei
2016-11-25 17:38:36  [ main:150 ] - [ DEBUG ]  <==      Total: 1
2016-11-25 17:40:11  [ main:0 ] - [ DEBUG ]  ==>  Preparing: select id,name from student where id = ? 
2016-11-25 17:40:11  [ main:54 ] - [ DEBUG ]  ==> Parameters: 123(String)
2016-11-25 17:40:11  [ main:74 ] - [ TRACE ]  <==    Columns: id, name
2016-11-25 17:40:11  [ main:74 ] - [ TRACE ]  <==        Row: 123, jiafei
2016-11-25 17:43:48  [ main:0 ] - [ DEBUG ]  ==>  Preparing: select id,name from student where id = ? 
2016-11-25 17:43:48  [ main:21 ] - [ DEBUG ]  ==> Parameters: 123(String)
2016-11-25 17:43:48  [ main:42 ] - [ TRACE ]  <==    Columns: id, name
2016-11-25 17:43:48  [ main:42 ] - [ TRACE ]  <==        Row: 123, jiafei
2016-11-25 17:46:37  [ main:0 ] - [ DEBUG ]  ==>  Preparing: select id,name from student where id = ? 
2016-11-25 17:46:37  [ main:21 ] - [ DEBUG ]  ==> Parameters: 123(String)
2016-11-25 17:46:37  [ main:40 ] - [ TRACE ]  <==    Columns: id, name
2016-11-25 17:46:37  [ main:40 ] - [ TRACE ]  <==        Row: 123, jiafei
2016-11-25 17:46:37  [ main:42 ] - [ DEBUG ]  <==      Total: 1
